2021-01-08 17:37:34,710 - 20 - baseyaml.py - 21 - root - INFO - 读取yaml文件成功,数据为：{'db': {'host': 'test.lemonban.com', 'port': 3306, 'user': 'future', 'password': '123456', 'database': 'futureloan', 'charser': 'utf8'}, 'GD_key': {'key': '6fa0bb3ee8cc85e295f544b39b6c892b'}, 'GD_url': {'input_prompt': 'https://restapi.amap.com/v3/assistant/inputtips'}, 'user_info': {'mobilephone': 15957250692, 'pwd': 12345678, 'password': 12345678, 'amount': 100, 'loanId': 2}, 'invest_info': {'amount': 100}, 'host': {'url': 'http://test.lemonban.com/futureloan/mvc/api'}}
2021-01-08 17:37:38,106 - 20 - baseyaml.py - 21 - root - INFO - 读取yaml文件成功,数据为：{'db': {'host': 'test.lemonban.com', 'port': 3306, 'user': 'future', 'password': '123456', 'database': 'futureloan', 'charser': 'utf8'}, 'GD_key': {'key': '6fa0bb3ee8cc85e295f544b39b6c892b'}, 'GD_url': {'input_prompt': 'https://restapi.amap.com/v3/assistant/inputtips'}, 'user_info': {'mobilephone': 15957250692, 'pwd': 12345678, 'password': 12345678, 'amount': 100, 'loanId': 2}, 'invest_info': {'amount': 100}, 'host': {'url': 'http://test.lemonban.com/futureloan/mvc/api'}}
2021-01-08 17:37:38,107 - 20 - baseexcel.py - 36 - root - INFO - 加载excel表单成功
2021-01-08 17:37:38,155 - 20 - conftest.py - 24 - root - INFO - ******开始执行测试用例******
2021-01-08 17:37:38,192 - 20 - help.py - 140 - root - INFO - 没有2天前的日志了
2021-01-08 17:37:38,195 - 20 - baseyaml.py - 21 - root - INFO - 读取yaml文件成功,数据为：{'db': {'host': 'test.lemonban.com', 'port': 3306, 'user': 'future', 'password': '123456', 'database': 'futureloan', 'charser': 'utf8'}, 'GD_key': {'key': '6fa0bb3ee8cc85e295f544b39b6c892b'}, 'GD_url': {'input_prompt': 'https://restapi.amap.com/v3/assistant/inputtips'}, 'user_info': {'mobilephone': 15957250692, 'pwd': 12345678, 'password': 12345678, 'amount': 100, 'loanId': 2}, 'invest_info': {'amount': 100}, 'host': {'url': 'http://test.lemonban.com/futureloan/mvc/api'}}
2021-01-08 17:37:38,457 - 20 - excel_handler.py - 22 - root - INFO - 写入excel login成功，数据：PASS
2021-01-08 17:37:38,457 - 20 - test_02_login.py - 38 - root - INFO - PASS
2021-01-08 17:37:38,464 - 20 - baseyaml.py - 21 - root - INFO - 读取yaml文件成功,数据为：{'db': {'host': 'test.lemonban.com', 'port': 3306, 'user': 'future', 'password': '123456', 'database': 'futureloan', 'charser': 'utf8'}, 'GD_key': {'key': '6fa0bb3ee8cc85e295f544b39b6c892b'}, 'GD_url': {'input_prompt': 'https://restapi.amap.com/v3/assistant/inputtips'}, 'user_info': {'mobilephone': 15957250692, 'pwd': 12345678, 'password': 12345678, 'amount': 100, 'loanId': 2}, 'invest_info': {'amount': 100}, 'host': {'url': 'http://test.lemonban.com/futureloan/mvc/api'}}
2021-01-08 17:37:38,663 - 20 - excel_handler.py - 22 - root - INFO - 写入excel login成功，数据：PASS
2021-01-08 17:37:38,663 - 20 - test_02_login.py - 38 - root - INFO - PASS
2021-01-08 17:37:38,669 - 20 - baseyaml.py - 21 - root - INFO - 读取yaml文件成功,数据为：{'db': {'host': 'test.lemonban.com', 'port': 3306, 'user': 'future', 'password': '123456', 'database': 'futureloan', 'charser': 'utf8'}, 'GD_key': {'key': '6fa0bb3ee8cc85e295f544b39b6c892b'}, 'GD_url': {'input_prompt': 'https://restapi.amap.com/v3/assistant/inputtips'}, 'user_info': {'mobilephone': 15957250692, 'pwd': 12345678, 'password': 12345678, 'amount': 100, 'loanId': 2}, 'invest_info': {'amount': 100}, 'host': {'url': 'http://test.lemonban.com/futureloan/mvc/api'}}
2021-01-08 17:37:38,853 - 20 - excel_handler.py - 22 - root - INFO - 写入excel login成功，数据：PASS
2021-01-08 17:37:38,853 - 20 - test_02_login.py - 38 - root - INFO - PASS
2021-01-08 17:37:38,860 - 20 - baseyaml.py - 21 - root - INFO - 读取yaml文件成功,数据为：{'db': {'host': 'test.lemonban.com', 'port': 3306, 'user': 'future', 'password': '123456', 'database': 'futureloan', 'charser': 'utf8'}, 'GD_key': {'key': '6fa0bb3ee8cc85e295f544b39b6c892b'}, 'GD_url': {'input_prompt': 'https://restapi.amap.com/v3/assistant/inputtips'}, 'user_info': {'mobilephone': 15957250692, 'pwd': 12345678, 'password': 12345678, 'amount': 100, 'loanId': 2}, 'invest_info': {'amount': 100}, 'host': {'url': 'http://test.lemonban.com/futureloan/mvc/api'}}
2021-01-08 17:37:39,046 - 20 - excel_handler.py - 22 - root - INFO - 写入excel login成功，数据：PASS
2021-01-08 17:37:39,046 - 20 - test_02_login.py - 38 - root - INFO - PASS
2021-01-08 17:37:39,052 - 20 - baseyaml.py - 21 - root - INFO - 读取yaml文件成功,数据为：{'db': {'host': 'test.lemonban.com', 'port': 3306, 'user': 'future', 'password': '123456', 'database': 'futureloan', 'charser': 'utf8'}, 'GD_key': {'key': '6fa0bb3ee8cc85e295f544b39b6c892b'}, 'GD_url': {'input_prompt': 'https://restapi.amap.com/v3/assistant/inputtips'}, 'user_info': {'mobilephone': 15957250692, 'pwd': 12345678, 'password': 12345678, 'amount': 100, 'loanId': 2}, 'invest_info': {'amount': 100}, 'host': {'url': 'http://test.lemonban.com/futureloan/mvc/api'}}
2021-01-08 17:37:39,241 - 20 - excel_handler.py - 22 - root - INFO - 写入excel login成功，数据：PASS
2021-01-08 17:37:39,241 - 20 - test_02_login.py - 38 - root - INFO - PASS
2021-01-08 17:37:39,248 - 20 - baseyaml.py - 21 - root - INFO - 读取yaml文件成功,数据为：{'db': {'host': 'test.lemonban.com', 'port': 3306, 'user': 'future', 'password': '123456', 'database': 'futureloan', 'charser': 'utf8'}, 'GD_key': {'key': '6fa0bb3ee8cc85e295f544b39b6c892b'}, 'GD_url': {'input_prompt': 'https://restapi.amap.com/v3/assistant/inputtips'}, 'user_info': {'mobilephone': 15957250692, 'pwd': 12345678, 'password': 12345678, 'amount': 100, 'loanId': 2}, 'invest_info': {'amount': 100}, 'host': {'url': 'http://test.lemonban.com/futureloan/mvc/api'}}
2021-01-08 17:37:39,427 - 20 - excel_handler.py - 22 - root - INFO - 写入excel login成功，数据：PASS
2021-01-08 17:37:39,427 - 20 - test_02_login.py - 38 - root - INFO - PASS
2021-01-08 17:37:39,434 - 20 - baseyaml.py - 21 - root - INFO - 读取yaml文件成功,数据为：{'db': {'host': 'test.lemonban.com', 'port': 3306, 'user': 'future', 'password': '123456', 'database': 'futureloan', 'charser': 'utf8'}, 'GD_key': {'key': '6fa0bb3ee8cc85e295f544b39b6c892b'}, 'GD_url': {'input_prompt': 'https://restapi.amap.com/v3/assistant/inputtips'}, 'user_info': {'mobilephone': 15957250692, 'pwd': 12345678, 'password': 12345678, 'amount': 100, 'loanId': 2}, 'invest_info': {'amount': 100}, 'host': {'url': 'http://test.lemonban.com/futureloan/mvc/api'}}
2021-01-08 17:37:39,618 - 20 - excel_handler.py - 22 - root - INFO - 写入excel login成功，数据：PASS
2021-01-08 17:37:39,618 - 20 - test_02_login.py - 38 - root - INFO - PASS
2021-01-08 17:37:39,626 - 20 - baseyaml.py - 21 - root - INFO - 读取yaml文件成功,数据为：{'db': {'host': 'test.lemonban.com', 'port': 3306, 'user': 'future', 'password': '123456', 'database': 'futureloan', 'charser': 'utf8'}, 'GD_key': {'key': '6fa0bb3ee8cc85e295f544b39b6c892b'}, 'GD_url': {'input_prompt': 'https://restapi.amap.com/v3/assistant/inputtips'}, 'user_info': {'mobilephone': 15957250692, 'pwd': 12345678, 'password': 12345678, 'amount': 100, 'loanId': 2}, 'invest_info': {'amount': 100}, 'host': {'url': 'http://test.lemonban.com/futureloan/mvc/api'}}
2021-01-08 17:37:39,805 - 20 - excel_handler.py - 22 - root - INFO - 写入excel login成功，数据：PASS
2021-01-08 17:37:39,805 - 20 - test_02_login.py - 38 - root - INFO - PASS
2021-01-08 17:37:39,812 - 20 - baseyaml.py - 21 - root - INFO - 读取yaml文件成功,数据为：{'db': {'host': 'test.lemonban.com', 'port': 3306, 'user': 'future', 'password': '123456', 'database': 'futureloan', 'charser': 'utf8'}, 'GD_key': {'key': '6fa0bb3ee8cc85e295f544b39b6c892b'}, 'GD_url': {'input_prompt': 'https://restapi.amap.com/v3/assistant/inputtips'}, 'user_info': {'mobilephone': 15957250692, 'pwd': 12345678, 'password': 12345678, 'amount': 100, 'loanId': 2}, 'invest_info': {'amount': 100}, 'host': {'url': 'http://test.lemonban.com/futureloan/mvc/api'}}
2021-01-08 17:37:40,015 - 20 - excel_handler.py - 22 - root - INFO - 写入excel login成功，数据：PASS
2021-01-08 17:37:40,015 - 20 - test_02_login.py - 38 - root - INFO - PASS
2021-01-08 17:37:40,021 - 20 - baseyaml.py - 21 - root - INFO - 读取yaml文件成功,数据为：{'db': {'host': 'test.lemonban.com', 'port': 3306, 'user': 'future', 'password': '123456', 'database': 'futureloan', 'charser': 'utf8'}, 'GD_key': {'key': '6fa0bb3ee8cc85e295f544b39b6c892b'}, 'GD_url': {'input_prompt': 'https://restapi.amap.com/v3/assistant/inputtips'}, 'user_info': {'mobilephone': 15957250692, 'pwd': 12345678, 'password': 12345678, 'amount': 100, 'loanId': 2}, 'invest_info': {'amount': 100}, 'host': {'url': 'http://test.lemonban.com/futureloan/mvc/api'}}
2021-01-08 17:37:40,203 - 20 - excel_handler.py - 22 - root - INFO - 写入excel login成功，数据：PASS
2021-01-08 17:37:40,203 - 20 - test_02_login.py - 38 - root - INFO - PASS
2021-01-08 17:37:40,209 - 20 - baseyaml.py - 21 - root - INFO - 读取yaml文件成功,数据为：{'db': {'host': 'test.lemonban.com', 'port': 3306, 'user': 'future', 'password': '123456', 'database': 'futureloan', 'charser': 'utf8'}, 'GD_key': {'key': '6fa0bb3ee8cc85e295f544b39b6c892b'}, 'GD_url': {'input_prompt': 'https://restapi.amap.com/v3/assistant/inputtips'}, 'user_info': {'mobilephone': 15957250692, 'pwd': 12345678, 'password': 12345678, 'amount': 100, 'loanId': 2}, 'invest_info': {'amount': 100}, 'host': {'url': 'http://test.lemonban.com/futureloan/mvc/api'}}
2021-01-08 17:37:40,482 - 20 - excel_handler.py - 22 - root - INFO - 写入excel login成功，数据：PASS
2021-01-08 17:37:40,482 - 20 - test_02_login.py - 38 - root - INFO - PASS
2021-01-08 17:37:40,488 - 20 - baseyaml.py - 21 - root - INFO - 读取yaml文件成功,数据为：{'db': {'host': 'test.lemonban.com', 'port': 3306, 'user': 'future', 'password': '123456', 'database': 'futureloan', 'charser': 'utf8'}, 'GD_key': {'key': '6fa0bb3ee8cc85e295f544b39b6c892b'}, 'GD_url': {'input_prompt': 'https://restapi.amap.com/v3/assistant/inputtips'}, 'user_info': {'mobilephone': 15957250692, 'pwd': 12345678, 'password': 12345678, 'amount': 100, 'loanId': 2}, 'invest_info': {'amount': 100}, 'host': {'url': 'http://test.lemonban.com/futureloan/mvc/api'}}
2021-01-08 17:37:40,665 - 20 - excel_handler.py - 22 - root - INFO - 写入excel login成功，数据：PASS
2021-01-08 17:37:40,665 - 20 - test_02_login.py - 38 - root - INFO - PASS
2021-01-08 17:37:40,671 - 20 - baseyaml.py - 21 - root - INFO - 读取yaml文件成功,数据为：{'db': {'host': 'test.lemonban.com', 'port': 3306, 'user': 'future', 'password': '123456', 'database': 'futureloan', 'charser': 'utf8'}, 'GD_key': {'key': '6fa0bb3ee8cc85e295f544b39b6c892b'}, 'GD_url': {'input_prompt': 'https://restapi.amap.com/v3/assistant/inputtips'}, 'user_info': {'mobilephone': 15957250692, 'pwd': 12345678, 'password': 12345678, 'amount': 100, 'loanId': 2}, 'invest_info': {'amount': 100}, 'host': {'url': 'http://test.lemonban.com/futureloan/mvc/api'}}
2021-01-08 17:37:40,852 - 20 - excel_handler.py - 22 - root - INFO - 写入excel login成功，数据：PASS
2021-01-08 17:37:40,852 - 20 - test_02_login.py - 38 - root - INFO - PASS
2021-01-08 17:37:40,858 - 20 - baseyaml.py - 21 - root - INFO - 读取yaml文件成功,数据为：{'db': {'host': 'test.lemonban.com', 'port': 3306, 'user': 'future', 'password': '123456', 'database': 'futureloan', 'charser': 'utf8'}, 'GD_key': {'key': '6fa0bb3ee8cc85e295f544b39b6c892b'}, 'GD_url': {'input_prompt': 'https://restapi.amap.com/v3/assistant/inputtips'}, 'user_info': {'mobilephone': 15957250692, 'pwd': 12345678, 'password': 12345678, 'amount': 100, 'loanId': 2}, 'invest_info': {'amount': 100}, 'host': {'url': 'http://test.lemonban.com/futureloan/mvc/api'}}
2021-01-08 17:37:41,041 - 20 - excel_handler.py - 22 - root - INFO - 写入excel login成功，数据：PASS
2021-01-08 17:37:41,041 - 20 - test_02_login.py - 38 - root - INFO - PASS
2021-01-08 17:37:41,048 - 20 - baseyaml.py - 21 - root - INFO - 读取yaml文件成功,数据为：{'db': {'host': 'test.lemonban.com', 'port': 3306, 'user': 'future', 'password': '123456', 'database': 'futureloan', 'charser': 'utf8'}, 'GD_key': {'key': '6fa0bb3ee8cc85e295f544b39b6c892b'}, 'GD_url': {'input_prompt': 'https://restapi.amap.com/v3/assistant/inputtips'}, 'user_info': {'mobilephone': 15957250692, 'pwd': 12345678, 'password': 12345678, 'amount': 100, 'loanId': 2}, 'invest_info': {'amount': 100}, 'host': {'url': 'http://test.lemonban.com/futureloan/mvc/api'}}
2021-01-08 17:37:41,233 - 20 - excel_handler.py - 22 - root - INFO - 写入excel login成功，数据：PASS
2021-01-08 17:37:41,233 - 20 - test_02_login.py - 38 - root - INFO - PASS
2021-01-08 17:37:41,239 - 20 - baseyaml.py - 21 - root - INFO - 读取yaml文件成功,数据为：{'db': {'host': 'test.lemonban.com', 'port': 3306, 'user': 'future', 'password': '123456', 'database': 'futureloan', 'charser': 'utf8'}, 'GD_key': {'key': '6fa0bb3ee8cc85e295f544b39b6c892b'}, 'GD_url': {'input_prompt': 'https://restapi.amap.com/v3/assistant/inputtips'}, 'user_info': {'mobilephone': 15957250692, 'pwd': 12345678, 'password': 12345678, 'amount': 100, 'loanId': 2}, 'invest_info': {'amount': 100}, 'host': {'url': 'http://test.lemonban.com/futureloan/mvc/api'}}
2021-01-08 17:37:41,239 - 20 - help.py - 108 - root - INFO - 生成的手机号为：13066935705
2021-01-08 17:37:41,416 - 20 - excel_handler.py - 22 - root - INFO - 写入excel login成功，数据：PASS
2021-01-08 17:37:41,416 - 20 - test_02_login.py - 38 - root - INFO - PASS
2021-01-08 17:37:41,417 - 20 - conftest.py - 27 - root - INFO - ******测试用例执行完毕******
