2021-01-08 17:54:36,368 - 20 - baseyaml.py - 21 - root - INFO - 读取yaml文件成功,数据为：{'db': {'host': 'test.lemonban.com', 'port': 3306, 'user': 'future', 'password': '123456', 'database': 'futureloan', 'charser': 'utf8'}, 'GD_key': {'key': '6fa0bb3ee8cc85e295f544b39b6c892b'}, 'GD_url': {'input_prompt': 'https://restapi.amap.com/v3/assistant/inputtips'}, 'user_info': {'mobilephone': 15957250692, 'pwd': 12345678, 'password': 12345678, 'amount': 100, 'loanId': 2}, 'invest_info': {'amount': 100}, 'host': {'url': 'http://test.lemonban.com/futureloan/mvc/api'}}
2021-01-08 17:54:39,601 - 20 - baseyaml.py - 21 - root - INFO - 读取yaml文件成功,数据为：{'db': {'host': 'test.lemonban.com', 'port': 3306, 'user': 'future', 'password': '123456', 'database': 'futureloan', 'charser': 'utf8'}, 'GD_key': {'key': '6fa0bb3ee8cc85e295f544b39b6c892b'}, 'GD_url': {'input_prompt': 'https://restapi.amap.com/v3/assistant/inputtips'}, 'user_info': {'mobilephone': 15957250692, 'pwd': 12345678, 'password': 12345678, 'amount': 100, 'loanId': 2}, 'invest_info': {'amount': 100}, 'host': {'url': 'http://test.lemonban.com/futureloan/mvc/api'}}
2021-01-08 17:54:39,601 - 20 - baseexcel.py - 36 - root - INFO - 加载excel表单成功
2021-01-08 17:54:39,617 - 20 - conftest.py - 24 - root - INFO - ******开始执行测试用例******
2021-01-08 17:54:39,679 - 20 - help.py - 140 - root - INFO - 没有2天前的日志了
2021-01-08 17:54:39,679 - 20 - baseyaml.py - 21 - root - INFO - 读取yaml文件成功,数据为：{'db': {'host': 'test.lemonban.com', 'port': 3306, 'user': 'future', 'password': '123456', 'database': 'futureloan', 'charser': 'utf8'}, 'GD_key': {'key': '6fa0bb3ee8cc85e295f544b39b6c892b'}, 'GD_url': {'input_prompt': 'https://restapi.amap.com/v3/assistant/inputtips'}, 'user_info': {'mobilephone': 15957250692, 'pwd': 12345678, 'password': 12345678, 'amount': 100, 'loanId': 2}, 'invest_info': {'amount': 100}, 'host': {'url': 'http://test.lemonban.com/futureloan/mvc/api'}}
2021-01-08 17:54:39,897 - 20 - excel_handler.py - 22 - root - INFO - 写入excel login成功，数据：PASS
2021-01-08 17:54:39,897 - 20 - test_02_login.py - 38 - root - INFO - PASS
2021-01-08 17:54:39,897 - 20 - baseyaml.py - 21 - root - INFO - 读取yaml文件成功,数据为：{'db': {'host': 'test.lemonban.com', 'port': 3306, 'user': 'future', 'password': '123456', 'database': 'futureloan', 'charser': 'utf8'}, 'GD_key': {'key': '6fa0bb3ee8cc85e295f544b39b6c892b'}, 'GD_url': {'input_prompt': 'https://restapi.amap.com/v3/assistant/inputtips'}, 'user_info': {'mobilephone': 15957250692, 'pwd': 12345678, 'password': 12345678, 'amount': 100, 'loanId': 2}, 'invest_info': {'amount': 100}, 'host': {'url': 'http://test.lemonban.com/futureloan/mvc/api'}}
2021-01-08 17:54:40,069 - 20 - excel_handler.py - 22 - root - INFO - 写入excel login成功，数据：PASS
2021-01-08 17:54:40,069 - 20 - test_02_login.py - 38 - root - INFO - PASS
2021-01-08 17:54:40,085 - 20 - baseyaml.py - 21 - root - INFO - 读取yaml文件成功,数据为：{'db': {'host': 'test.lemonban.com', 'port': 3306, 'user': 'future', 'password': '123456', 'database': 'futureloan', 'charser': 'utf8'}, 'GD_key': {'key': '6fa0bb3ee8cc85e295f544b39b6c892b'}, 'GD_url': {'input_prompt': 'https://restapi.amap.com/v3/assistant/inputtips'}, 'user_info': {'mobilephone': 15957250692, 'pwd': 12345678, 'password': 12345678, 'amount': 100, 'loanId': 2}, 'invest_info': {'amount': 100}, 'host': {'url': 'http://test.lemonban.com/futureloan/mvc/api'}}
2021-01-08 17:54:40,257 - 20 - excel_handler.py - 22 - root - INFO - 写入excel login成功，数据：PASS
2021-01-08 17:54:40,257 - 20 - test_02_login.py - 38 - root - INFO - PASS
2021-01-08 17:54:40,272 - 20 - baseyaml.py - 21 - root - INFO - 读取yaml文件成功,数据为：{'db': {'host': 'test.lemonban.com', 'port': 3306, 'user': 'future', 'password': '123456', 'database': 'futureloan', 'charser': 'utf8'}, 'GD_key': {'key': '6fa0bb3ee8cc85e295f544b39b6c892b'}, 'GD_url': {'input_prompt': 'https://restapi.amap.com/v3/assistant/inputtips'}, 'user_info': {'mobilephone': 15957250692, 'pwd': 12345678, 'password': 12345678, 'amount': 100, 'loanId': 2}, 'invest_info': {'amount': 100}, 'host': {'url': 'http://test.lemonban.com/futureloan/mvc/api'}}
2021-01-08 17:54:40,444 - 20 - excel_handler.py - 22 - root - INFO - 写入excel login成功，数据：PASS
2021-01-08 17:54:40,444 - 20 - test_02_login.py - 38 - root - INFO - PASS
2021-01-08 17:54:40,444 - 20 - baseyaml.py - 21 - root - INFO - 读取yaml文件成功,数据为：{'db': {'host': 'test.lemonban.com', 'port': 3306, 'user': 'future', 'password': '123456', 'database': 'futureloan', 'charser': 'utf8'}, 'GD_key': {'key': '6fa0bb3ee8cc85e295f544b39b6c892b'}, 'GD_url': {'input_prompt': 'https://restapi.amap.com/v3/assistant/inputtips'}, 'user_info': {'mobilephone': 15957250692, 'pwd': 12345678, 'password': 12345678, 'amount': 100, 'loanId': 2}, 'invest_info': {'amount': 100}, 'host': {'url': 'http://test.lemonban.com/futureloan/mvc/api'}}
2021-01-08 17:54:40,616 - 20 - excel_handler.py - 22 - root - INFO - 写入excel login成功，数据：PASS
2021-01-08 17:54:40,616 - 20 - test_02_login.py - 38 - root - INFO - PASS
2021-01-08 17:54:40,616 - 20 - baseyaml.py - 21 - root - INFO - 读取yaml文件成功,数据为：{'db': {'host': 'test.lemonban.com', 'port': 3306, 'user': 'future', 'password': '123456', 'database': 'futureloan', 'charser': 'utf8'}, 'GD_key': {'key': '6fa0bb3ee8cc85e295f544b39b6c892b'}, 'GD_url': {'input_prompt': 'https://restapi.amap.com/v3/assistant/inputtips'}, 'user_info': {'mobilephone': 15957250692, 'pwd': 12345678, 'password': 12345678, 'amount': 100, 'loanId': 2}, 'invest_info': {'amount': 100}, 'host': {'url': 'http://test.lemonban.com/futureloan/mvc/api'}}
2021-01-08 17:54:40,788 - 20 - excel_handler.py - 22 - root - INFO - 写入excel login成功，数据：PASS
2021-01-08 17:54:40,788 - 20 - test_02_login.py - 38 - root - INFO - PASS
2021-01-08 17:54:40,788 - 20 - baseyaml.py - 21 - root - INFO - 读取yaml文件成功,数据为：{'db': {'host': 'test.lemonban.com', 'port': 3306, 'user': 'future', 'password': '123456', 'database': 'futureloan', 'charser': 'utf8'}, 'GD_key': {'key': '6fa0bb3ee8cc85e295f544b39b6c892b'}, 'GD_url': {'input_prompt': 'https://restapi.amap.com/v3/assistant/inputtips'}, 'user_info': {'mobilephone': 15957250692, 'pwd': 12345678, 'password': 12345678, 'amount': 100, 'loanId': 2}, 'invest_info': {'amount': 100}, 'host': {'url': 'http://test.lemonban.com/futureloan/mvc/api'}}
2021-01-08 17:54:40,960 - 20 - excel_handler.py - 22 - root - INFO - 写入excel login成功，数据：PASS
2021-01-08 17:54:40,960 - 20 - test_02_login.py - 38 - root - INFO - PASS
2021-01-08 17:54:40,975 - 20 - baseyaml.py - 21 - root - INFO - 读取yaml文件成功,数据为：{'db': {'host': 'test.lemonban.com', 'port': 3306, 'user': 'future', 'password': '123456', 'database': 'futureloan', 'charser': 'utf8'}, 'GD_key': {'key': '6fa0bb3ee8cc85e295f544b39b6c892b'}, 'GD_url': {'input_prompt': 'https://restapi.amap.com/v3/assistant/inputtips'}, 'user_info': {'mobilephone': 15957250692, 'pwd': 12345678, 'password': 12345678, 'amount': 100, 'loanId': 2}, 'invest_info': {'amount': 100}, 'host': {'url': 'http://test.lemonban.com/futureloan/mvc/api'}}
2021-01-08 17:54:41,147 - 20 - excel_handler.py - 22 - root - INFO - 写入excel login成功，数据：PASS
2021-01-08 17:54:41,147 - 20 - test_02_login.py - 38 - root - INFO - PASS
2021-01-08 17:54:41,147 - 20 - baseyaml.py - 21 - root - INFO - 读取yaml文件成功,数据为：{'db': {'host': 'test.lemonban.com', 'port': 3306, 'user': 'future', 'password': '123456', 'database': 'futureloan', 'charser': 'utf8'}, 'GD_key': {'key': '6fa0bb3ee8cc85e295f544b39b6c892b'}, 'GD_url': {'input_prompt': 'https://restapi.amap.com/v3/assistant/inputtips'}, 'user_info': {'mobilephone': 15957250692, 'pwd': 12345678, 'password': 12345678, 'amount': 100, 'loanId': 2}, 'invest_info': {'amount': 100}, 'host': {'url': 'http://test.lemonban.com/futureloan/mvc/api'}}
2021-01-08 17:54:41,335 - 20 - excel_handler.py - 22 - root - INFO - 写入excel login成功，数据：PASS
2021-01-08 17:54:41,335 - 20 - test_02_login.py - 38 - root - INFO - PASS
2021-01-08 17:54:41,350 - 20 - baseyaml.py - 21 - root - INFO - 读取yaml文件成功,数据为：{'db': {'host': 'test.lemonban.com', 'port': 3306, 'user': 'future', 'password': '123456', 'database': 'futureloan', 'charser': 'utf8'}, 'GD_key': {'key': '6fa0bb3ee8cc85e295f544b39b6c892b'}, 'GD_url': {'input_prompt': 'https://restapi.amap.com/v3/assistant/inputtips'}, 'user_info': {'mobilephone': 15957250692, 'pwd': 12345678, 'password': 12345678, 'amount': 100, 'loanId': 2}, 'invest_info': {'amount': 100}, 'host': {'url': 'http://test.lemonban.com/futureloan/mvc/api'}}
2021-01-08 17:54:41,522 - 20 - excel_handler.py - 22 - root - INFO - 写入excel login成功，数据：PASS
2021-01-08 17:54:41,522 - 20 - test_02_login.py - 38 - root - INFO - PASS
2021-01-08 17:54:41,522 - 20 - baseyaml.py - 21 - root - INFO - 读取yaml文件成功,数据为：{'db': {'host': 'test.lemonban.com', 'port': 3306, 'user': 'future', 'password': '123456', 'database': 'futureloan', 'charser': 'utf8'}, 'GD_key': {'key': '6fa0bb3ee8cc85e295f544b39b6c892b'}, 'GD_url': {'input_prompt': 'https://restapi.amap.com/v3/assistant/inputtips'}, 'user_info': {'mobilephone': 15957250692, 'pwd': 12345678, 'password': 12345678, 'amount': 100, 'loanId': 2}, 'invest_info': {'amount': 100}, 'host': {'url': 'http://test.lemonban.com/futureloan/mvc/api'}}
2021-01-08 17:54:41,678 - 20 - excel_handler.py - 22 - root - INFO - 写入excel login成功，数据：PASS
2021-01-08 17:54:41,678 - 20 - test_02_login.py - 38 - root - INFO - PASS
2021-01-08 17:54:41,694 - 20 - baseyaml.py - 21 - root - INFO - 读取yaml文件成功,数据为：{'db': {'host': 'test.lemonban.com', 'port': 3306, 'user': 'future', 'password': '123456', 'database': 'futureloan', 'charser': 'utf8'}, 'GD_key': {'key': '6fa0bb3ee8cc85e295f544b39b6c892b'}, 'GD_url': {'input_prompt': 'https://restapi.amap.com/v3/assistant/inputtips'}, 'user_info': {'mobilephone': 15957250692, 'pwd': 12345678, 'password': 12345678, 'amount': 100, 'loanId': 2}, 'invest_info': {'amount': 100}, 'host': {'url': 'http://test.lemonban.com/futureloan/mvc/api'}}
2021-01-08 17:54:41,850 - 20 - excel_handler.py - 22 - root - INFO - 写入excel login成功，数据：PASS
2021-01-08 17:54:41,850 - 20 - test_02_login.py - 38 - root - INFO - PASS
2021-01-08 17:54:41,866 - 20 - baseyaml.py - 21 - root - INFO - 读取yaml文件成功,数据为：{'db': {'host': 'test.lemonban.com', 'port': 3306, 'user': 'future', 'password': '123456', 'database': 'futureloan', 'charser': 'utf8'}, 'GD_key': {'key': '6fa0bb3ee8cc85e295f544b39b6c892b'}, 'GD_url': {'input_prompt': 'https://restapi.amap.com/v3/assistant/inputtips'}, 'user_info': {'mobilephone': 15957250692, 'pwd': 12345678, 'password': 12345678, 'amount': 100, 'loanId': 2}, 'invest_info': {'amount': 100}, 'host': {'url': 'http://test.lemonban.com/futureloan/mvc/api'}}
2021-01-08 17:54:42,037 - 20 - excel_handler.py - 22 - root - INFO - 写入excel login成功，数据：PASS
2021-01-08 17:54:42,037 - 20 - test_02_login.py - 38 - root - INFO - PASS
2021-01-08 17:54:42,037 - 20 - baseyaml.py - 21 - root - INFO - 读取yaml文件成功,数据为：{'db': {'host': 'test.lemonban.com', 'port': 3306, 'user': 'future', 'password': '123456', 'database': 'futureloan', 'charser': 'utf8'}, 'GD_key': {'key': '6fa0bb3ee8cc85e295f544b39b6c892b'}, 'GD_url': {'input_prompt': 'https://restapi.amap.com/v3/assistant/inputtips'}, 'user_info': {'mobilephone': 15957250692, 'pwd': 12345678, 'password': 12345678, 'amount': 100, 'loanId': 2}, 'invest_info': {'amount': 100}, 'host': {'url': 'http://test.lemonban.com/futureloan/mvc/api'}}
2021-01-08 17:54:42,209 - 20 - excel_handler.py - 22 - root - INFO - 写入excel login成功，数据：PASS
2021-01-08 17:54:42,209 - 20 - test_02_login.py - 38 - root - INFO - PASS
2021-01-08 17:54:42,225 - 20 - baseyaml.py - 21 - root - INFO - 读取yaml文件成功,数据为：{'db': {'host': 'test.lemonban.com', 'port': 3306, 'user': 'future', 'password': '123456', 'database': 'futureloan', 'charser': 'utf8'}, 'GD_key': {'key': '6fa0bb3ee8cc85e295f544b39b6c892b'}, 'GD_url': {'input_prompt': 'https://restapi.amap.com/v3/assistant/inputtips'}, 'user_info': {'mobilephone': 15957250692, 'pwd': 12345678, 'password': 12345678, 'amount': 100, 'loanId': 2}, 'invest_info': {'amount': 100}, 'host': {'url': 'http://test.lemonban.com/futureloan/mvc/api'}}
2021-01-08 17:54:42,397 - 20 - excel_handler.py - 22 - root - INFO - 写入excel login成功，数据：PASS
2021-01-08 17:54:42,397 - 20 - test_02_login.py - 38 - root - INFO - PASS
2021-01-08 17:54:42,397 - 20 - baseyaml.py - 21 - root - INFO - 读取yaml文件成功,数据为：{'db': {'host': 'test.lemonban.com', 'port': 3306, 'user': 'future', 'password': '123456', 'database': 'futureloan', 'charser': 'utf8'}, 'GD_key': {'key': '6fa0bb3ee8cc85e295f544b39b6c892b'}, 'GD_url': {'input_prompt': 'https://restapi.amap.com/v3/assistant/inputtips'}, 'user_info': {'mobilephone': 15957250692, 'pwd': 12345678, 'password': 12345678, 'amount': 100, 'loanId': 2}, 'invest_info': {'amount': 100}, 'host': {'url': 'http://test.lemonban.com/futureloan/mvc/api'}}
2021-01-08 17:54:42,397 - 20 - help.py - 108 - root - INFO - 生成的手机号为：15727891399
2021-01-08 17:54:42,569 - 20 - excel_handler.py - 22 - root - INFO - 写入excel login成功，数据：PASS
2021-01-08 17:54:42,569 - 20 - test_02_login.py - 38 - root - INFO - PASS
2021-01-08 17:54:42,569 - 20 - conftest.py - 27 - root - INFO - ******测试用例执行完毕******
